-------------------------------------------------------------------------------
Test set: Aston.com.tests.UITests.registration_autorization.recovery_password.RecoveryPasswordPageTest
-------------------------------------------------------------------------------
Tests run: 1, Failures: 0, Errors: 1, Skipped: 0, Time elapsed: 0.019 s <<< FAILURE! - in Aston.com.tests.UITests.registration_autorization.recovery_password.RecoveryPasswordPageTest
Aston.com.tests.UITests.registration_autorization.recovery_password.RecoveryPasswordPageTest  Time elapsed: 0.019 s  <<< ERROR!
org.openqa.selenium.NoSuchSessionException: 
Session ID is null. Using WebDriver after calling quit()?
Build info: version: '4.5.0', revision: 'fe167b119a'
System info: os.name: 'Windows 10', os.arch: 'amd64', os.version: '10.0', java.version: '11.0.12'
Driver info: org.openqa.selenium.chrome.ChromeDriver
Command: [null, get {url=http://172.17.1.24/}]
Capabilities {acceptInsecureCerts: false, browserName: chrome, browserVersion: 107.0.5304.88, chrome: {chromedriverVersion: 107.0.5304.62 (1eec40d3a576..., userDataDir: C:\Users\7490~1\AppData\Loc...}, goog:chromeOptions: {debuggerAddress: localhost:62631}, networkConnectionEnabled: false, pageLoadStrategy: normal, platformName: WINDOWS, proxy: Proxy(), se:cdp: ws://localhost:62631/devtoo..., se:cdpVersion: 107.0.5304.88, setWindowRect: true, strictFileInteractability: false, timeouts: {implicit: 0, pageLoad: 300000, script: 30000}, unhandledPromptBehavior: dismiss and notify, webauthn:extension:credBlob: true, webauthn:extension:largeBlob: true, webauthn:virtualAuthenticators: true}
	at Aston.com.tests.UITests.registration_autorization.recovery_password.RecoveryPasswordPageTest.openApp(RecoveryPasswordPageTest.java:20)

